[2026-01-30T16:47:33.790+0000] {taskinstance.py:1956} INFO - Dependencies all met for dep_context=non-requeueable deps ti=<TaskInstance: 01_olist_bronze_ingestion.tg_bronze_quality_checks.run_bronze_quality_checks_script manual__2026-01-30T16:47:25.769396+00:00 [queued]>
[2026-01-30T16:47:33.795+0000] {taskinstance.py:1956} INFO - Dependencies all met for dep_context=requeueable deps ti=<TaskInstance: 01_olist_bronze_ingestion.tg_bronze_quality_checks.run_bronze_quality_checks_script manual__2026-01-30T16:47:25.769396+00:00 [queued]>
[2026-01-30T16:47:33.796+0000] {taskinstance.py:2170} INFO - Starting attempt 1 of 3
[2026-01-30T16:47:33.804+0000] {taskinstance.py:2191} INFO - Executing <Task(BashOperator): tg_bronze_quality_checks.run_bronze_quality_checks_script> on 2026-01-30 16:47:25.769396+00:00
[2026-01-30T16:47:33.810+0000] {standard_task_runner.py:60} INFO - Started process 427 to run task
[2026-01-30T16:47:33.812+0000] {standard_task_runner.py:87} INFO - Running: ['airflow', 'tasks', 'run', '01_olist_bronze_ingestion', 'tg_bronze_quality_checks.run_bronze_quality_checks_script', 'manual__2026-01-30T16:47:25.769396+00:00', '--job-id', '15', '--raw', '--subdir', 'DAGS_FOLDER/01_olist_bronze_dag.py', '--cfg-path', '/tmp/tmprja8f0qc']
[2026-01-30T16:47:33.814+0000] {standard_task_runner.py:88} INFO - Job 15: Subtask tg_bronze_quality_checks.run_bronze_quality_checks_script
[2026-01-30T16:47:33.843+0000] {task_command.py:423} INFO - Running <TaskInstance: 01_olist_bronze_ingestion.tg_bronze_quality_checks.run_bronze_quality_checks_script manual__2026-01-30T16:47:25.769396+00:00 [running]> on host 0eef5975e85e
[2026-01-30T16:47:33.893+0000] {taskinstance.py:2480} INFO - Exporting env vars: AIRFLOW_CTX_DAG_OWNER='airflow' AIRFLOW_CTX_DAG_ID='01_olist_bronze_ingestion' AIRFLOW_CTX_TASK_ID='tg_bronze_quality_checks.run_bronze_quality_checks_script' AIRFLOW_CTX_EXECUTION_DATE='2026-01-30T16:47:25.769396+00:00' AIRFLOW_CTX_TRY_NUMBER='1' AIRFLOW_CTX_DAG_RUN_ID='manual__2026-01-30T16:47:25.769396+00:00'
[2026-01-30T16:47:33.896+0000] {subprocess.py:63} INFO - Tmp dir root location: /tmp
[2026-01-30T16:47:33.897+0000] {subprocess.py:75} INFO - Running command: ['/usr/bin/bash', '-c', 'python /opt/airflow/jobs/bronze/bronze_quality_checks.py']
[2026-01-30T16:47:33.902+0000] {subprocess.py:86} INFO - Output:
[2026-01-30T16:47:34.760+0000] {subprocess.py:93} INFO - 
[2026-01-30T16:47:34.763+0000] {subprocess.py:93} INFO - Validating orders using /opt/data/bronze/olist/orders/ingestion_date=2026-01-30/orders_2026-01-30.parquet
[2026-01-30T16:47:34.763+0000] {subprocess.py:93} INFO - [orders] Row count OK: 99441
[2026-01-30T16:47:34.764+0000] {subprocess.py:93} INFO - [orders] Not-null checks OK: ['order_id', 'customer_id', 'order_status']
[2026-01-30T16:47:34.764+0000] {subprocess.py:93} INFO - [orders] Uniqueness checks OK: ['order_id']
[2026-01-30T16:47:34.764+0000] {subprocess.py:93} INFO - 
[2026-01-30T16:47:34.764+0000] {subprocess.py:93} INFO - Validating order_items using /opt/data/bronze/olist/order_items/ingestion_date=2026-01-30/order_items_2026-01-30.parquet
[2026-01-30T16:47:34.764+0000] {subprocess.py:93} INFO - [order_items] Row count OK: 112650
[2026-01-30T16:47:34.764+0000] {subprocess.py:93} INFO - [order_items] Not-null checks OK: ['order_id', 'order_item_id', 'product_id', 'seller_id']
[2026-01-30T16:47:34.765+0000] {subprocess.py:93} INFO - 
[2026-01-30T16:47:34.765+0000] {subprocess.py:93} INFO - Validating customers using /opt/data/bronze/olist/customers/ingestion_date=2026-01-30/customers_2026-01-30.parquet
[2026-01-30T16:47:34.765+0000] {subprocess.py:93} INFO - [customers] Row count OK: 99441
[2026-01-30T16:47:34.765+0000] {subprocess.py:93} INFO - [customers] Not-null checks OK: ['customer_id', 'customer_unique_id']
[2026-01-30T16:47:34.765+0000] {subprocess.py:93} INFO - [customers] Uniqueness checks OK: ['customer_id']
[2026-01-30T16:47:34.765+0000] {subprocess.py:93} INFO - 
[2026-01-30T16:47:34.765+0000] {subprocess.py:93} INFO - All Bronze quality checks passed ✅
[2026-01-30T16:47:34.797+0000] {subprocess.py:97} INFO - Command exited with return code 0
[2026-01-30T16:47:34.820+0000] {taskinstance.py:1138} INFO - Marking task as SUCCESS. dag_id=01_olist_bronze_ingestion, task_id=tg_bronze_quality_checks.run_bronze_quality_checks_script, execution_date=20260130T164725, start_date=20260130T164733, end_date=20260130T164734
[2026-01-30T16:47:34.862+0000] {local_task_job_runner.py:234} INFO - Task exited with return code 0
[2026-01-30T16:47:34.891+0000] {taskinstance.py:3280} INFO - 0 downstream tasks scheduled from follow-on schedule check
