[2026-01-30T16:31:02.420+0000] {taskinstance.py:1956} INFO - Dependencies all met for dep_context=non-requeueable deps ti=<TaskInstance: 00_hello_world_local_stack.print_env_and_paths manual__2026-01-30T16:31:01.378106+00:00 [queued]>
[2026-01-30T16:31:02.424+0000] {taskinstance.py:1956} INFO - Dependencies all met for dep_context=requeueable deps ti=<TaskInstance: 00_hello_world_local_stack.print_env_and_paths manual__2026-01-30T16:31:01.378106+00:00 [queued]>
[2026-01-30T16:31:02.424+0000] {taskinstance.py:2170} INFO - Starting attempt 1 of 1
[2026-01-30T16:31:02.429+0000] {taskinstance.py:2191} INFO - Executing <Task(PythonOperator): print_env_and_paths> on 2026-01-30 16:31:01.378106+00:00
[2026-01-30T16:31:02.436+0000] {standard_task_runner.py:60} INFO - Started process 348 to run task
[2026-01-30T16:31:02.438+0000] {standard_task_runner.py:87} INFO - Running: ['airflow', 'tasks', 'run', '00_hello_world_local_stack', 'print_env_and_paths', 'manual__2026-01-30T16:31:01.378106+00:00', '--job-id', '10', '--raw', '--subdir', 'DAGS_FOLDER/hello_world.py', '--cfg-path', '/tmp/tmp9a44ov74']
[2026-01-30T16:31:02.439+0000] {standard_task_runner.py:88} INFO - Job 10: Subtask print_env_and_paths
[2026-01-30T16:31:02.464+0000] {task_command.py:423} INFO - Running <TaskInstance: 00_hello_world_local_stack.print_env_and_paths manual__2026-01-30T16:31:01.378106+00:00 [running]> on host 0eef5975e85e
[2026-01-30T16:31:02.506+0000] {taskinstance.py:2480} INFO - Exporting env vars: AIRFLOW_CTX_DAG_OWNER='airflow' AIRFLOW_CTX_DAG_ID='00_hello_world_local_stack' AIRFLOW_CTX_TASK_ID='print_env_and_paths' AIRFLOW_CTX_EXECUTION_DATE='2026-01-30T16:31:01.378106+00:00' AIRFLOW_CTX_TRY_NUMBER='1' AIRFLOW_CTX_DAG_RUN_ID='manual__2026-01-30T16:31:01.378106+00:00'
[2026-01-30T16:31:02.507+0000] {logging_mixin.py:188} INFO - AIRFLOW_HOME: /opt/airflow
[2026-01-30T16:31:02.507+0000] {logging_mixin.py:188} INFO - DATA_DIR: /opt/data
[2026-01-30T16:31:02.507+0000] {logging_mixin.py:188} INFO - Checking path exists: /opt/airflow/dags -> True
[2026-01-30T16:31:02.507+0000] {logging_mixin.py:188} INFO - Checking path exists: /opt/airflow/logs -> True
[2026-01-30T16:31:02.507+0000] {logging_mixin.py:188} INFO - Checking path exists: /opt/data -> True
[2026-01-30T16:31:02.507+0000] {logging_mixin.py:188} INFO - Listing /opt/data:
[2026-01-30T16:31:02.509+0000] {logging_mixin.py:188} INFO -  - .DS_Store
[2026-01-30T16:31:02.509+0000] {logging_mixin.py:188} INFO -  - quality
[2026-01-30T16:31:02.509+0000] {logging_mixin.py:188} INFO -  - bronze
[2026-01-30T16:31:02.510+0000] {logging_mixin.py:188} INFO -  - silver
[2026-01-30T16:31:02.510+0000] {logging_mixin.py:188} INFO -  - gold
[2026-01-30T16:31:02.510+0000] {logging_mixin.py:188} INFO -  - raw
[2026-01-30T16:31:02.510+0000] {python.py:201} INFO - Done. Returned value was: None
[2026-01-30T16:31:02.521+0000] {taskinstance.py:1138} INFO - Marking task as SUCCESS. dag_id=00_hello_world_local_stack, task_id=print_env_and_paths, execution_date=20260130T163101, start_date=20260130T163102, end_date=20260130T163102
[2026-01-30T16:31:02.536+0000] {local_task_job_runner.py:234} INFO - Task exited with return code 0
[2026-01-30T16:31:02.552+0000] {taskinstance.py:3280} INFO - 0 downstream tasks scheduled from follow-on schedule check
