[2026-01-30T15:41:07.397+0000] {taskinstance.py:1956} INFO - Dependencies all met for dep_context=non-requeueable deps ti=<TaskInstance: 01_olist_bronze_ingestion.tg_bronze_quality_checks.run_bronze_quality_checks_script manual__2026-01-30T15:41:00.168427+00:00 [queued]>
[2026-01-30T15:41:07.402+0000] {taskinstance.py:1956} INFO - Dependencies all met for dep_context=requeueable deps ti=<TaskInstance: 01_olist_bronze_ingestion.tg_bronze_quality_checks.run_bronze_quality_checks_script manual__2026-01-30T15:41:00.168427+00:00 [queued]>
[2026-01-30T15:41:07.402+0000] {taskinstance.py:2170} INFO - Starting attempt 1 of 3
[2026-01-30T15:41:07.409+0000] {taskinstance.py:2191} INFO - Executing <Task(BashOperator): tg_bronze_quality_checks.run_bronze_quality_checks_script> on 2026-01-30 15:41:00.168427+00:00
[2026-01-30T15:41:07.411+0000] {standard_task_runner.py:60} INFO - Started process 297 to run task
[2026-01-30T15:41:07.415+0000] {standard_task_runner.py:87} INFO - Running: ['airflow', 'tasks', 'run', '01_olist_bronze_ingestion', 'tg_bronze_quality_checks.run_bronze_quality_checks_script', 'manual__2026-01-30T15:41:00.168427+00:00', '--job-id', '5', '--raw', '--subdir', 'DAGS_FOLDER/01_olist_bronze_dag.py', '--cfg-path', '/tmp/tmpb6k800_e']
[2026-01-30T15:41:07.425+0000] {standard_task_runner.py:88} INFO - Job 5: Subtask tg_bronze_quality_checks.run_bronze_quality_checks_script
[2026-01-30T15:41:07.457+0000] {task_command.py:423} INFO - Running <TaskInstance: 01_olist_bronze_ingestion.tg_bronze_quality_checks.run_bronze_quality_checks_script manual__2026-01-30T15:41:00.168427+00:00 [running]> on host 0eef5975e85e
[2026-01-30T15:41:07.504+0000] {taskinstance.py:2480} INFO - Exporting env vars: AIRFLOW_CTX_DAG_OWNER='airflow' AIRFLOW_CTX_DAG_ID='01_olist_bronze_ingestion' AIRFLOW_CTX_TASK_ID='tg_bronze_quality_checks.run_bronze_quality_checks_script' AIRFLOW_CTX_EXECUTION_DATE='2026-01-30T15:41:00.168427+00:00' AIRFLOW_CTX_TRY_NUMBER='1' AIRFLOW_CTX_DAG_RUN_ID='manual__2026-01-30T15:41:00.168427+00:00'
[2026-01-30T15:41:07.505+0000] {subprocess.py:63} INFO - Tmp dir root location: /tmp
[2026-01-30T15:41:07.505+0000] {subprocess.py:75} INFO - Running command: ['/usr/bin/bash', '-c', 'python /opt/airflow/jobs/bronze/bronze_quality_checks.py']
[2026-01-30T15:41:07.510+0000] {subprocess.py:86} INFO - Output:
[2026-01-30T15:41:07.837+0000] {subprocess.py:93} INFO - Traceback (most recent call last):
[2026-01-30T15:41:07.838+0000] {subprocess.py:93} INFO -   File "/opt/airflow/jobs/bronze/bronze_quality_checks.py", line 49, in <module>
[2026-01-30T15:41:07.838+0000] {subprocess.py:93} INFO -     def check_not_null(df: pd.DataFrame, table: str, cols: list[str]):
[2026-01-30T15:41:07.838+0000] {subprocess.py:93} INFO - TypeError: 'type' object is not subscriptable
[2026-01-30T15:41:07.866+0000] {subprocess.py:97} INFO - Command exited with return code 1
[2026-01-30T15:41:07.873+0000] {taskinstance.py:2698} ERROR - Task failed with exception
Traceback (most recent call last):
  File "/home/airflow/.local/lib/python3.8/site-packages/airflow/models/taskinstance.py", line 433, in _execute_task
    result = execute_callable(context=context, **execute_callable_kwargs)
  File "/home/airflow/.local/lib/python3.8/site-packages/airflow/operators/bash.py", line 212, in execute
    raise AirflowException(
airflow.exceptions.AirflowException: Bash command failed. The command returned a non-zero exit code 1.
[2026-01-30T15:41:07.877+0000] {taskinstance.py:1138} INFO - Marking task as UP_FOR_RETRY. dag_id=01_olist_bronze_ingestion, task_id=tg_bronze_quality_checks.run_bronze_quality_checks_script, execution_date=20260130T154100, start_date=20260130T154107, end_date=20260130T154107
[2026-01-30T15:41:07.886+0000] {standard_task_runner.py:107} ERROR - Failed to execute job 5 for task tg_bronze_quality_checks.run_bronze_quality_checks_script (Bash command failed. The command returned a non-zero exit code 1.; 297)
[2026-01-30T15:41:07.925+0000] {local_task_job_runner.py:234} INFO - Task exited with return code 1
[2026-01-30T15:41:07.936+0000] {taskinstance.py:3280} INFO - 0 downstream tasks scheduled from follow-on schedule check
